kotlin version: 2.0.21
error message: org.jetbrains.kotlin.backend.common.BackendException: Backend Internal error: Exception during IR lowering
File being compiled: C:/Users/M_SERVER/AndroidStudioProjects/buyandsell/app/src/main/java/com/example/buyandsell/ui/home/HomeScreen.kt
The root cause java.lang.RuntimeException was thrown at: org.jetbrains.kotlin.backend.jvm.codegen.FunctionCodegen.generate(FunctionCodegen.kt:47)
	at org.jetbrains.kotlin.backend.common.CodegenUtil.reportBackendException(CodegenUtil.kt:253)
	at org.jetbrains.kotlin.backend.common.CodegenUtil.reportBackendException$default(CodegenUtil.kt:236)
	at org.jetbrains.kotlin.backend.common.phaser.PerformByIrFilePhase.invokeSequential(performByIrFile.kt:65)
	at org.jetbrains.kotlin.backend.common.phaser.PerformByIrFilePhase.invoke(performByIrFile.kt:52)
	at org.jetbrains.kotlin.backend.common.phaser.PerformByIrFilePhase.invoke(performByIrFile.kt:38)
	at org.jetbrains.kotlin.backend.common.phaser.NamedCompilerPhase.phaseBody(CompilerPhase.kt:166)
	at org.jetbrains.kotlin.backend.common.phaser.AbstractNamedCompilerPhase.invoke(CompilerPhase.kt:113)
	at org.jetbrains.kotlin.backend.common.phaser.CompositePhase.invoke(PhaseBuilders.kt:27)
	at org.jetbrains.kotlin.backend.common.phaser.CompositePhase.invoke(PhaseBuilders.kt:14)
	at org.jetbrains.kotlin.backend.common.phaser.NamedCompilerPhase.phaseBody(CompilerPhase.kt:166)
	at org.jetbrains.kotlin.backend.common.phaser.AbstractNamedCompilerPhase.invoke(CompilerPhase.kt:113)
	at org.jetbrains.kotlin.backend.common.phaser.CompilerPhaseKt.invokeToplevel(CompilerPhase.kt:62)
	at org.jetbrains.kotlin.backend.jvm.JvmIrCodegenFactory.invokeCodegen(JvmIrCodegenFactory.kt:371)
	at org.jetbrains.kotlin.codegen.CodegenFactory.generateModule(CodegenFactory.kt:47)
	at org.jetbrains.kotlin.backend.jvm.JvmIrCodegenFactory.generateModuleInFrontendIRMode(JvmIrCodegenFactory.kt:433)
	at org.jetbrains.kotlin.cli.jvm.compiler.pipeline.JvmCompilerPipelineKt.generateCodeFromIr(jvmCompilerPipeline.kt:246)
	at org.jetbrains.kotlin.cli.jvm.compiler.pipeline.JvmCompilerPipelineKt.compileModulesUsingFrontendIrAndLightTree(jvmCompilerPipeline.kt:142)
	at org.jetbrains.kotlin.cli.jvm.K2JVMCompiler.doExecute(K2JVMCompiler.kt:148)
	at org.jetbrains.kotlin.cli.jvm.K2JVMCompiler.doExecute(K2JVMCompiler.kt:43)
	at org.jetbrains.kotlin.cli.common.CLICompiler.execImpl(CLICompiler.kt:103)
	at org.jetbrains.kotlin.cli.common.CLICompiler.execImpl(CLICompiler.kt:49)
	at org.jetbrains.kotlin.cli.common.CLITool.exec(CLITool.kt:101)
	at org.jetbrains.kotlin.incremental.IncrementalJvmCompilerRunner.runCompiler(IncrementalJvmCompilerRunner.kt:464)
	at org.jetbrains.kotlin.incremental.IncrementalJvmCompilerRunner.runCompiler(IncrementalJvmCompilerRunner.kt:73)
	at org.jetbrains.kotlin.incremental.IncrementalCompilerRunner.doCompile(IncrementalCompilerRunner.kt:506)
	at org.jetbrains.kotlin.incremental.IncrementalCompilerRunner.compileImpl(IncrementalCompilerRunner.kt:423)
	at org.jetbrains.kotlin.incremental.IncrementalCompilerRunner.compileNonIncrementally(IncrementalCompilerRunner.kt:301)
	at org.jetbrains.kotlin.incremental.IncrementalCompilerRunner.compile(IncrementalCompilerRunner.kt:129)
	at org.jetbrains.kotlin.daemon.CompileServiceImplBase.execIncrementalCompiler(CompileServiceImpl.kt:675)
	at org.jetbrains.kotlin.daemon.CompileServiceImplBase.access$execIncrementalCompiler(CompileServiceImpl.kt:92)
	at org.jetbrains.kotlin.daemon.CompileServiceImpl.compile(CompileServiceImpl.kt:1660)
	at java.base/jdk.internal.reflect.DirectMethodHandleAccessor.invoke(Unknown Source)
	at java.base/java.lang.reflect.Method.invoke(Unknown Source)
	at java.rmi/sun.rmi.server.UnicastServerRef.dispatch(Unknown Source)
	at java.rmi/sun.rmi.transport.Transport$1.run(Unknown Source)
	at java.rmi/sun.rmi.transport.Transport$1.run(Unknown Source)
	at java.base/java.security.AccessController.doPrivileged(Unknown Source)
	at java.rmi/sun.rmi.transport.Transport.serviceCall(Unknown Source)
	at java.rmi/sun.rmi.transport.tcp.TCPTransport.handleMessages(Unknown Source)
	at java.rmi/sun.rmi.transport.tcp.TCPTransport$ConnectionHandler.run0(Unknown Source)
	at java.rmi/sun.rmi.transport.tcp.TCPTransport$ConnectionHandler.lambda$run$0(Unknown Source)
	at java.base/java.security.AccessController.doPrivileged(Unknown Source)
	at java.rmi/sun.rmi.transport.tcp.TCPTransport$ConnectionHandler.run(Unknown Source)
	at java.base/java.util.concurrent.ThreadPoolExecutor.runWorker(Unknown Source)
	at java.base/java.util.concurrent.ThreadPoolExecutor$Worker.run(Unknown Source)
	at java.base/java.lang.Thread.run(Unknown Source)
Caused by: java.lang.RuntimeException: Exception while generating code for:
FUN name:HomeScreen visibility:public modality:FINAL <> (viewModel:com.example.buyandsell.viewmodel.HomeViewModel) returnType:kotlin.Unit
  annotations:
    OptIn(markerClass = [CLASS_REFERENCE 'CLASS IR_EXTERNAL_DECLARATION_STUB ANNOTATION_CLASS name:ExperimentalMaterial3Api modality:OPEN visibility:public superTypes:[kotlin.Annotation]' type=kotlin.reflect.KClass<androidx.compose.material3.ExperimentalMaterial3Api>])
    Composable
  VALUE_PARAMETER name:viewModel index:0 type:com.example.buyandsell.viewmodel.HomeViewModel
    EXPRESSION_BODY
      ERROR_EXPR 'Default Stub' type=com.example.buyandsell.viewmodel.HomeViewModel
  BLOCK_BODY
    VAR PROPERTY_DELEGATE name:products$delegate type:androidx.compose.runtime.State<kotlin.collections.List<com.example.buyandsell.data.model.Product>> [val]
      TYPE_OP type=androidx.compose.runtime.State<kotlin.collections.List<com.example.buyandsell.data.model.Product>> origin=IMPLICIT_CAST typeOperand=androidx.compose.runtime.State<kotlin.collections.List<com.example.buyandsell.data.model.Product>>
        CALL 'public final fun collectAsState$default <T> (context: kotlin.coroutines.CoroutineContext?, $mask0: kotlin.Int, $handler: kotlin.Any?): androidx.compose.runtime.State<T of androidx.compose.runtime.SnapshotStateKt.collectAsState$default> declared in androidx.compose.runtime.SnapshotStateKt' type=androidx.compose.runtime.State<T of androidx.compose.runtime.SnapshotStateKt.collectAsState$default> origin=DEFAULT_DISPATCH_CALL
          <T>: kotlin.collections.List<com.example.buyandsell.data.model.Product>
          $receiver: CALL 'public final fun <get-products> (): kotlinx.coroutines.flow.StateFlow<kotlin.collections.List<com.example.buyandsell.data.model.Product>> declared in com.example.buyandsell.viewmodel.HomeViewModel' type=kotlinx.coroutines.flow.StateFlow<kotlin.collections.List<com.example.buyandsell.data.model.Product>> origin=GET_PROPERTY
            $this: GET_VAR 'viewModel: com.example.buyandsell.viewmodel.HomeViewModel declared in com.example.buyandsell.ui.home.HomeScreenKt.HomeScreen' type=com.example.buyandsell.viewmodel.HomeViewModel origin=null
          context: COMPOSITE type=kotlin.coroutines.CoroutineContext? origin=DEFAULT_VALUE
            CONST Null type=kotlin.coroutines.CoroutineContext? value=null
          $mask0: CONST Int type=kotlin.Int value=1
          $handler: CONST Null type=kotlin.Any? value=null
    VAR PROPERTY_DELEGATE name:currentProductIndex$delegate type:androidx.compose.runtime.MutableState<kotlin.Int> [val]
      CALL 'public final fun remember <T> (calculation: @[DisallowComposableCalls] kotlin.Function0<T of androidx.compose.runtime.ComposablesKt.remember>): T of androidx.compose.runtime.ComposablesKt.remember [inline] declared in androidx.compose.runtime.ComposablesKt' type=androidx.compose.runtime.MutableState<kotlin.Int> origin=null
        <T>: androidx.compose.runtime.MutableState<kotlin.Int>
        calculation: BLOCK type=kotlin.Function0<androidx.compose.runtime.MutableState<kotlin.Int>> origin=LAMBDA
          COMPOSITE type=kotlin.Unit origin=null
          FUNCTION_REFERENCE 'private final fun HomeScreen$lambda$1 (): androidx.compose.runtime.MutableState<kotlin.Int> declared in com.example.buyandsell.ui.home.HomeScreenKt' type=kotlin.Function0<androidx.compose.runtime.MutableState<kotlin.Int>> origin=INLINE_LAMBDA reflectionTarget=null
    CALL 'public final fun loadProducts (): kotlin.Unit declared in com.example.buyandsell.viewmodel.HomeViewModel' type=kotlin.Unit origin=null
      $this: GET_VAR 'viewModel: com.example.buyandsell.viewmodel.HomeViewModel declared in com.example.buyandsell.ui.home.HomeScreenKt.HomeScreen' type=com.example.buyandsell.viewmodel.HomeViewModel origin=null
    VAR name:context type:android.content.Context [val]
      CALL 'public final fun <get-current> (): T of androidx.compose.runtime.CompositionLocal [inline] declared in androidx.compose.runtime.CompositionLocal' type=android.content.Context origin=GET_PROPERTY
        $this: TYPE_OP type=androidx.compose.runtime.CompositionLocal<T of androidx.compose.runtime.CompositionLocal> origin=IMPLICIT_CAST typeOperand=androidx.compose.runtime.CompositionLocal<T of androidx.compose.runtime.CompositionLocal>
          CALL 'public final fun <get-LocalContext> (): androidx.compose.runtime.ProvidableCompositionLocal<android.content.Context> declared in androidx.compose.ui.platform.AndroidCompositionLocals_androidKt' type=androidx.compose.runtime.ProvidableCompositionLocal<android.content.Context> origin=GET_PROPERTY
    VAR name:categories type:kotlin.collections.List<com.example.buyandsell.data.model.Category> [val]
      CALL 'public final fun listOf <T> (vararg elements: T of kotlin.collections.CollectionsKt.listOf): kotlin.collections.List<T of kotlin.collections.CollectionsKt.listOf> declared in kotlin.collections.CollectionsKt' type=kotlin.collections.List<com.example.buyandsell.data.model.Category> origin=null
        <T>: com.example.buyandsell.data.model.Category
        elements: BLOCK type=kotlin.Array<out com.example.buyandsell.data.model.Category> origin=null
          VAR IR_TEMPORARY_VARIABLE name:tmp0 type:kotlin.Array<out com.example.buyandsell.data.model.Category> [val]
            CALL 'public final fun arrayOfNulls <T> (size: kotlin.Int): kotlin.Array<T of kotlin.arrayOfNulls?> declared in kotlin' type=kotlin.Array<out com.example.buyandsell.data.model.Category> origin=null
              <T>: com.example.buyandsell.data.model.Category
              size: CONST Int type=kotlin.Int value=10
          CALL 'public final fun set (index: kotlin.Int, value: T of kotlin.Array): kotlin.Unit [operator] declared in kotlin.Array' type=kotlin.Unit origin=null
            $this: GET_VAR 'val tmp0: kotlin.Array<out com.example.buyandsell.data.model.Category> [val] declared in com.example.buyandsell.ui.home.HomeScreenKt.HomeScreen' type=kotlin.Array<out com.example.buyandsell.data.model.Category> origin=null
            index: CONST Int type=kotlin.Int value=0
            value: CONSTRUCTOR_CALL 'public constructor <init> (name: kotlin.String) [primary] declared in com.example.buyandsell.data.model.Category' type=com.example.buyandsell.data.model.Category origin=null
              name: CONST String type=kotlin.String value="Cars"
          CALL 'public final fun set (index: kotlin.Int, value: T of kotlin.Array): kotlin.Unit [operator] declared in kotlin.Array' type=kotlin.Unit origin=null
            $this: GET_VAR 'val tmp0: kotlin.Array<out com.example.buyandsell.data.model.Category> [val] declared in com.example.buyandsell.ui.home.HomeScreenKt.HomeScreen' type=kotlin.Array<out com.example.buyandsell.data.model.Category> origin=null
            index: CONST Int type=kotlin.Int value=1
            value: CONSTRUCTOR_CALL 'public constructor <init> (name: kotlin.String) [primary] declared in com.example.buyandsell.data.model.Category' type=com.example.buyandsell.data.model.Category origin=null
              name: CONST String type=kotlin.String value="Bikes"
          CALL 'public final fun set (index: kotlin.Int, value: T of kotlin.Array): kotlin.Unit [operator] declared in kotlin.Array' type=kotlin.Unit origin=null
            $this: GET_VAR 'val tmp0: kotlin.Array<out com.example.buyandsell.data.model.Category> [val] declared in com.example.buyandsell.ui.home.HomeScreenKt.HomeScreen' type=kotlin.Array<out com.example.buyandsell.data.model.Category> origin=null
            index: CONST Int type=kotlin.Int value=2
            value: CONSTRUCTOR_CALL 'public constructor <init> (name: kotlin.String) [primary] declared in com.example.buyandsell.data.model.Category' type=com.example.buyandsell.data.model.Category origin=null
              name: CONST String type=kotlin.String value="Mobiles"
          CALL 'public final fun set (index: kotlin.Int, value: T of kotlin.Array): kotlin.Unit [operator] declared in kotlin.Array' type=kotlin.Unit origin=null
            $this: GET_VAR 'val tmp0: kotlin.Array<out com.example.buyandsell.data.model.Category> [val] declared in com.example.buyandsell.ui.home.HomeScreenKt.HomeScreen' type=kotlin.Array<out com.example.buyandsell.data.model.Category> origin=null
            index: CONST Int type=kotlin.Int value=3
            value: CONSTRUCTOR_CALL 'public constructor <init> (name: kotlin.String) [primary] declared in com.example.buyandsell.data.model.Category' type=com.example.buyandsell.data.model.Category origin=null
              name: CONST String type=kotlin.String value="Electronics"
          CALL 'public final fun set (index: kotlin.Int, value: T of kotlin.Array): kotlin.Unit [operator] declared in kotlin.Array' type=kotlin.Unit origin=null
            $this: GET_VAR 'val tmp0: kotlin.Array<out com.example.buyandsell.data.model.Category> [val] declared in com.example.buyandsell.ui.home.HomeScreenKt.HomeScreen' type=kotlin.Array<out com.example.buyandsell.data.model.Category> origin=null
            index: CONST Int type=kotlin.Int value=4
            value: CONSTRUCTOR_CALL 'public constructor <init> (name: kotlin.String) [primary] declared in com.example.buyandsell.data.model.Category' type=com.example.buyandsell.data.model.Category origin=null
              name: CONST String type=kotlin.String value="Furniture"
          CALL 'public final fun set (index: kotlin.Int, value: T of kotlin.Array): kotlin.Unit [operator] declared in kotlin.Array' type=kotlin.Unit origin=null
            $this: GET_VAR 'val tmp0: kotlin.Array<out com.example.buyandsell.data.model.Category> [val] declared in com.example.buyandsell.ui.home.HomeScreenKt.HomeScreen' type=kotlin.Array<out com.example.buyandsell.data.model.Category> origin=null
            index: CONST Int type=kotlin.Int value=5
            value: CONSTRUCTOR_CALL 'public constructor <init> (name: kotlin.String) [primary] declared in com.example.buyandsell.data.model.Category' type=com.example.buyandsell.data.model.Category origin=null
              name: CONST String type=kotlin.String value="Properties"
          CALL 'public final fun set (index: kotlin.Int, value: T of kotlin.Array): kotlin.Unit [operator] declared in kotlin.Array' type=kotlin.Unit origin=null
            $this: GET_VAR 'val tmp0: kotlin.Array<out com.example.buyandsell.data.model.Category> [val] declared in com.example.buyandsell.ui.home.HomeScreenKt.HomeScreen' type=kotlin.Array<out com.example.buyandsell.data.model.Category> origin=null
            index: CONST Int type=kotlin.Int value=6
            value: CONSTRUCTOR_CALL 'public constructor <init> (name: kotlin.String) [primary] declared in com.example.buyandsell.data.model.Category' type=com.example.buyandsell.data.model.Category origin=null
              name: CONST String type=kotlin.String value="Jobs"
          CALL 'public final fun set (index: kotlin.Int, value: T of kotlin.Array): kotlin.Unit [operator] declared in kotlin.Array' type=kotlin.Unit origin=null
            $this: GET_VAR 'val tmp0: kotlin.Array<out com.example.buyandsell.data.model.Category> [val] declared in com.example.buyandsell.ui.home.HomeScreenKt.HomeScreen' type=kotlin.Array<out com.example.buyandsell.data.model.Category> origin=null
            index: CONST Int type=kotlin.Int value=7
            value: CONSTRUCTOR_CALL 'public constructor <init> (name: kotlin.String) [primary] declared in com.example.buyandsell.data.model.Category' type=com.example.buyandsell.data.model.Category origin=null
              name: CONST String type=kotlin.String value="Services"
          CALL 'public final fun set (index: kotlin.Int, value: T of kotlin.Array): kotlin.Unit [operator] declared in kotlin.Array' type=kotlin.Unit origin=null
            $this: GET_VAR 'val tmp0: kotlin.Array<out com.example.buyandsell.data.model.Category> [val] declared in com.example.buyandsell.ui.home.HomeScreenKt.HomeScreen' type=kotlin.Array<out com.example.buyandsell.data.model.Category> origin=null
            index: CONST Int type=kotlin.Int value=8
            value: CONSTRUCTOR_CALL 'public constructor <init> (name: kotlin.String) [primary] declared in com.example.buyandsell.data.model.Category' type=com.example.buyandsell.data.model.Category origin=null
              name: CONST String type=kotlin.String value="Fashion"
          CALL 'public final fun set (index: kotlin.Int, value: T of kotlin.Array): kotlin.Unit [operator] declared in kotlin.Array' type=kotlin.Unit origin=null
            $this: GET_VAR 'val tmp0: kotlin.Array<out com.example.buyandsell.data.model.Category> [val] declared in com.example.buyandsell.ui.home.HomeScreenKt.HomeScreen' type=kotlin.Array<out com.example.buyandsell.data.model.Category> origin=null
            index: CONST Int type=kotlin.Int value=9
            value: CONSTRUCTOR_CALL 'public constructor <init> (name: kotlin.String) [primary] declared in com.example.buyandsell.data.model.Category' type=com.example.buyandsell.data.model.Category origin=null
              name: CONST String type=kotlin.String value="Others"
          GET_VAR 'val tmp0: kotlin.Array<out com.example.buyandsell.data.model.Category> [val] declared in com.example.buyandsell.ui.home.HomeScreenKt.HomeScreen' type=kotlin.Array<out com.example.buyandsell.data.model.Category> origin=null
    CALL 'public final fun Scaffold-QMVK-b8$default (modifier: androidx.compose.ui.Modifier?, topBar: @[Composable] kotlin.Function0<kotlin.Unit>?, bottomBar: @[Composable] kotlin.Function0<kotlin.Unit>?, snackbarHost: @[Composable] kotlin.Function0<kotlin.Unit>?, floatingActionButton: @[Composable] kotlin.Function0<kotlin.Unit>?, floatingActionButtonPosition: androidx.compose.material3.FabPosition, containerColor: androidx.compose.ui.graphics.Color, contentColor: androidx.compose.ui.graphics.Color, contentWindowInsets: androidx.compose.foundation.layout.WindowInsets?, content: @[Composable] kotlin.Function1<androidx.compose.foundation.layout.PaddingValues, kotlin.Unit>, $mask0: kotlin.Int, $handler: kotlin.Any?): kotlin.Unit declared in androidx.compose.material3.ScaffoldKt' type=kotlin.Unit origin=DEFAULT_DISPATCH_CALL
      modifier: COMPOSITE type=androidx.compose.ui.Modifier? origin=DEFAULT_VALUE
        CONST Null type=androidx.compose.ui.Modifier? value=null
      topBar: BLOCK type=kotlin.Function0<kotlin.Unit> origin=LAMBDA
        COMPOSITE type=kotlin.Unit origin=null
        CALL 'public final fun <jvm-indy> <T> (dynamicCall: T of kotlin.jvm.internal.<jvm-indy>, bootstrapMethodHandle: kotlin.Any, vararg bootstrapMethodArguments: kotlin.Any): T of kotlin.jvm.internal.<jvm-indy> declared in kotlin.jvm.internal' type=kotlin.Function0<kotlin.Unit> origin=null
          <T>: kotlin.Function0<kotlin.Unit>
          dynamicCall: CALL 'public final fun invoke (): kotlin.Function0<kotlin.Unit> declared in kotlin.jvm.internal.invokeDynamic' type=kotlin.Function0<kotlin.Unit> origin=null
          bootstrapMethodHandle: CALL 'public final fun <jvm-method-handle> (tag: kotlin.Int, owner: kotlin.String, name: kotlin.String, descriptor: kotlin.String, isInterface: kotlin.Boolean): kotlin.Any declared in kotlin.jvm.internal' type=kotlin.Any origin=null
            tag: CONST Int type=kotlin.Int value=6
            owner: CONST String type=kotlin.String value="java/lang/invoke/LambdaMetafactory"
            name: CONST String type=kotlin.String value="metafactory"
            descriptor: CONST String type=kotlin.String value="(Ljava/lang/invoke/MethodHandles$Lookup;Ljava/lang/String;Ljava/lang/invoke/MethodType;Ljava/lang/invoke/MethodType;Ljava/lang/invoke/MethodHandle;Ljava/lang/invoke/MethodType;)Ljava/lang/invoke/CallSite;"
            isInterface: CONST Boolean type=kotlin.Boolean value=false
          bootstrapMethodArguments: VARARG type=kotlin.Array<kotlin.Any> varargElementType=kotlin.Any
            CALL 'public final fun <jvm-original-method-type> (method: kotlin.Any): kotlin.Any declared in kotlin.jvm.internal' type=kotlin.Any origin=null
              method: RAW_FUNCTION_REFERENCE 'public abstract fun invoke (): R of kotlin.Function0 [operator] declared in kotlin.Function0' type=kotlin.Any
            RAW_FUNCTION_REFERENCE 'private final fun HomeScreen$lambda$12 (): kotlin.Unit? declared in com.example.buyandsell.ui.home.HomeScreenKt' type=kotlin.Any
            CALL 'public final fun <jvm-original-method-type> (method: kotlin.Any): kotlin.Any declared in kotlin.jvm.internal' type=kotlin.Any origin=null
              method: RAW_FUNCTION_REFERENCE 'public abstract fun invoke (): kotlin.Unit? [fake_override,operator] declared in kotlin.jvm.internal.invokeDynamic.<fake>' type=kotlin.Any
      bottomBar: COMPOSITE type=@[Composable] kotlin.Function0<kotlin.Unit>? origin=DEFAULT_VALUE
        CONST Null type=@[Composable] kotlin.Function0<kotlin.Unit>? value=null
      snackbarHost: COMPOSITE type=@[Composable] kotlin.Function0<kotlin.Unit>? origin=DEFAULT_VALUE
        CONST Null type=@[Composable] kotlin.Function0<kotlin.Unit>? value=null
      floatingActionButton: COMPOSITE type=@[Composable] kotlin.Function0<kotlin.Unit>? origin=DEFAULT_VALUE
        CONST Null type=@[Composable] kotlin.Function0<kotlin.Unit>? value=null
      floatingActionButtonPosition: COMPOSITE type=androidx.compose.material3.FabPosition origin=DEFAULT_VALUE
        CALL 'public final fun <unsafe-coerce> <T, R> (v: T of kotlin.jvm.internal.<unsafe-coerce>): R of kotlin.jvm.internal.<unsafe-coerce> declared in kotlin.jvm.internal' type=androidx.compose.material3.FabPosition origin=null
          <T>: kotlin.Int
          <R>: androidx.compose.material3.FabPosition
          v: CONST Int type=kotlin.Int value=0
      containerColor: COMPOSITE type=androidx.compose.ui.graphics.Color origin=DEFAULT_VALUE
        CALL 'public final fun <unsafe-coerce> <T, R> (v: T of kotlin.jvm.internal.<unsafe-coerce>): R of kotlin.jvm.internal.<unsafe-coerce> declared in kotlin.jvm.internal' type=androidx.compose.ui.graphics.Color origin=null
          <T>: kotlin.Long
          <R>: androidx.compose.ui.graphics.Color
          v: CONST Long type=kotlin.Long value=0
      contentColor: COMPOSITE type=androidx.compose.ui.graphics.Color origin=DEFAULT_VALUE
        CALL 'public final fun <unsafe-coerce> <T, R> (v: T of kotlin.jvm.internal.<unsafe-coerce>): R of kotlin.jvm.internal.<unsafe-coerce> declared in kotlin.jvm.internal' type=androidx.compose.ui.graphics.Color origin=null
          <T>: kotlin.Long
          <R>: androidx.compose.ui.graphics.Color
          v: CONST Long type=kotlin.Long value=0
      contentWindowInsets: COMPOSITE type=androidx.compose.foundation.layout.WindowInsets? origin=DEFAULT_VALUE
        CONST Null type=androidx.compose.foundation.layout.WindowInsets? value=null
      content: BLOCK type=kotlin.Function1<androidx.compose.foundation.layout.PaddingValues, kotlin.Unit> origin=LAMBDA
        COMPOSITE type=kotlin.Unit origin=null
        CALL 'public final fun <jvm-indy> <T> (dynamicCall: T of kotlin.jvm.internal.<jvm-indy>, bootstrapMethodHandle: kotlin.Any, vararg bootstrapMethodArguments: kotlin.Any): T of kotlin.jvm.internal.<jvm-indy> declared in kotlin.jvm.internal' type=kotlin.Function1<androidx.compose.foundation.layout.PaddingValues, kotlin.Unit> origin=null
          <T>: kotlin.Function1<androidx.compose.foundation.layout.PaddingValues, kotlin.Unit>
          dynamicCall: CALL 'public final fun invoke (p0: kotlin.collections.List<com.example.buyandsell.data.model.Category>, p1: androidx.compose.runtime.State<kotlin.collections.List<com.example.buyandsell.data.model.Product>>, p2: androidx.compose.runtime.MutableState<kotlin.Int>, p3: android.content.Context): kotlin.Function1<androidx.compose.foundation.layout.PaddingValues, kotlin.Unit> declared in kotlin.jvm.internal.invokeDynamic' type=kotlin.Function1<androidx.compose.foundation.layout.PaddingValues, kotlin.Unit> origin=null
            p0: GET_VAR 'val categories: kotlin.collections.List<com.example.buyandsell.data.model.Category> [val] declared in com.example.buyandsell.ui.home.HomeScreenKt.HomeScreen' type=kotlin.collections.List<com.example.buyandsell.data.model.Category> origin=null
            p1: GET_VAR 'val products$delegate: androidx.compose.runtime.State<kotlin.collections.List<com.example.buyandsell.data.model.Product>> [val] declared in com.example.buyandsell.ui.home.HomeScreenKt.HomeScreen' type=androidx.compose.runtime.State<kotlin.collections.List<com.example.buyandsell.data.model.Product>> origin=null
            p2: GET_VAR 'val currentProductIndex$delegate: androidx.compose.runtime.MutableState<kotlin.Int> [val] declared in com.example.buyandsell.ui.home.HomeScreenKt.HomeScreen' type=androidx.compose.runtime.MutableState<kotlin.Int> origin=null
            p3: GET_VAR 'val context: android.content.Context [val] declared in com.example.buyandsell.ui.home.HomeScreenKt.HomeScreen' type=android.content.Context origin=null
          bootstrapMethodHandle: CALL 'public final fun <jvm-method-handle> (tag: kotlin.Int, owner: kotlin.String, name: kotlin.String, descriptor: kotlin.String, isInterface: kotlin.Boolean): kotlin.Any declared in kotlin.jvm.internal' type=kotlin.Any origin=null
            tag: CONST Int type=kotlin.Int value=6
            owner: CONST String type=kotlin.String value="java/lang/invoke/LambdaMetafactory"
            name: CONST String type=kotlin.String value="metafactory"
            descriptor: CONST String type=kotlin.String value="(Ljava/lang/invoke/MethodHandles$Lookup;Ljava/lang/String;Ljava/lang/invoke/MethodType;Ljava/lang/invoke/MethodType;Ljava/lang/invoke/MethodHandle;Ljava/lang/invoke/MethodType;)Ljava/lang/invoke/CallSite;"
            isInterface: CONST Boolean type=kotlin.Boolean value=false
          bootstrapMethodArguments: VARARG type=kotlin.Array<kotlin.Any> varargElementType=kotlin.Any
            CALL 'public final fun <jvm-original-method-type> (method: kotlin.Any): kotlin.Any declared in kotlin.jvm.internal' type=kotlin.Any origin=null
              method: RAW_FUNCTION_REFERENCE 'public abstract fun invoke (p1: P1 of kotlin.Function1): R of kotlin.Function1 [operator] declared in kotlin.Function1' type=kotlin.Any
            RAW_FUNCTION_REFERENCE 'private final fun HomeScreen$lambda$29 ($categories: kotlin.collections.List<com.example.buyandsell.data.model.Category>, $products$delegate: androidx.compose.runtime.State<kotlin.collections.List<com.example.buyandsell.data.model.Product>>, $currentProductIndex$delegate: androidx.compose.runtime.MutableState<kotlin.Int>, $context: android.content.Context, paddingValues: androidx.compose.foundation.layout.PaddingValues): kotlin.Unit? declared in com.example.buyandsell.ui.home.HomeScreenKt' type=kotlin.Any
            CALL 'public final fun <jvm-original-method-type> (method: kotlin.Any): kotlin.Any declared in kotlin.jvm.internal' type=kotlin.Any origin=null
              method: RAW_FUNCTION_REFERENCE 'public abstract fun invoke (p1: androidx.compose.foundation.layout.PaddingValues): kotlin.Unit? [fake_override,operator] declared in kotlin.jvm.internal.invokeDynamic.<fake>' type=kotlin.Any
      $mask0: CONST Int type=kotlin.Int value=509
      $handler: CONST Null type=kotlin.Any? value=null

	at org.jetbrains.kotlin.backend.jvm.codegen.FunctionCodegen.generate(FunctionCodegen.kt:47)
	at org.jetbrains.kotlin.backend.jvm.codegen.FunctionCodegen.generate$default(FunctionCodegen.kt:40)
	at org.jetbrains.kotlin.backend.jvm.codegen.ClassCodegen.generateMethodNode(ClassCodegen.kt:406)
	at org.jetbrains.kotlin.backend.jvm.codegen.ClassCodegen.generateMethod(ClassCodegen.kt:423)
	at org.jetbrains.kotlin.backend.jvm.codegen.ClassCodegen.generate(ClassCodegen.kt:168)
	at org.jetbrains.kotlin.backend.jvm.FileCodegen.lower(JvmPhases.kt:39)
	at org.jetbrains.kotlin.backend.common.phaser.PhaseFactoriesKt.createFilePhase$lambda$4(PhaseFactories.kt:71)
	at org.jetbrains.kotlin.backend.common.phaser.PhaseBuildersKt$createSimpleNamedCompilerPhase$1.phaseBody(PhaseBuilders.kt:69)
	at org.jetbrains.kotlin.backend.common.phaser.SimpleNamedCompilerPhase.phaseBody(CompilerPhase.kt:226)
	at org.jetbrains.kotlin.backend.common.phaser.AbstractNamedCompilerPhase.invoke(CompilerPhase.kt:113)
	at org.jetbrains.kotlin.backend.common.phaser.PerformByIrFilePhase.invokeSequential(performByIrFile.kt:62)
	... 43 more
Caused by: org.jetbrains.kotlin.codegen.CompilationException: Back-end (JVM) Internal error: Couldn't inline method call: CALL 'public final fun remember <T> (calculation: @[DisallowComposableCalls] kotlin.Function0<T of androidx.compose.runtime.ComposablesKt.remember>): T of androidx.compose.runtime.ComposablesKt.remember [inline] declared in androidx.compose.runtime.ComposablesKt' type=androidx.compose.runtime.MutableState<kotlin.Int> origin=null
Method: null
File is unknown
The root cause java.lang.IllegalStateException was thrown at: org.jetbrains.kotlin.codegen.inline.SourceCompilerForInlineKt.getMethodNode(SourceCompilerForInline.kt:118)
	at org.jetbrains.kotlin.codegen.inline.InlineCodegen.performInline(InlineCodegen.kt:65)
	at org.jetbrains.kotlin.backend.jvm.codegen.IrInlineCodegen.genInlineCall(IrInlineCodegen.kt:163)
	at org.jetbrains.kotlin.backend.jvm.codegen.IrInlineCallGenerator.genCall(IrInlineCallGenerator.kt:36)
	at org.jetbrains.kotlin.backend.jvm.codegen.ExpressionCodegen.visitCall(ExpressionCodegen.kt:653)
	at org.jetbrains.kotlin.backend.jvm.codegen.ExpressionCodegen.visitCall(ExpressionCodegen.kt:138)
	at org.jetbrains.kotlin.ir.expressions.IrCall.accept(IrCall.kt:24)
	at org.jetbrains.kotlin.backend.jvm.codegen.ExpressionCodegen.visitVariable(ExpressionCodegen.kt:790)
	at org.jetbrains.kotlin.backend.jvm.codegen.ExpressionCodegen.visitVariable(ExpressionCodegen.kt:138)
	at org.jetbrains.kotlin.ir.declarations.IrVariable.accept(IrVariable.kt:36)
	at org.jetbrains.kotlin.backend.jvm.codegen.ExpressionCodegen.visitStatementContainer(ExpressionCodegen.kt:579)
	at org.jetbrains.kotlin.backend.jvm.codegen.ExpressionCodegen.visitBlockBody(ExpressionCodegen.kt:584)
	at org.jetbrains.kotlin.backend.jvm.codegen.ExpressionCodegen.visitBlockBody(ExpressionCodegen.kt:138)
	at org.jetbrains.kotlin.ir.expressions.IrBlockBody.accept(IrBlockBody.kt:20)
	at org.jetbrains.kotlin.backend.jvm.codegen.ExpressionCodegen.generate(ExpressionCodegen.kt:240)
	at org.jetbrains.kotlin.backend.jvm.codegen.FunctionCodegen.doGenerate(FunctionCodegen.kt:123)
	at org.jetbrains.kotlin.backend.jvm.codegen.FunctionCodegen.generate(FunctionCodegen.kt:44)
	... 53 more
Caused by: java.lang.IllegalStateException: couldn't find inline method Landroidx/compose/runtime/ComposablesKt;.remember(Lkotlin/jvm/functions/Function0;)Ljava/lang/Object;
	at org.jetbrains.kotlin.codegen.inline.SourceCompilerForInlineKt.getMethodNode(SourceCompilerForInline.kt:118)
	at org.jetbrains.kotlin.codegen.inline.SourceCompilerForInlineKt.loadCompiledInlineFunction(SourceCompilerForInline.kt:96)
	at org.jetbrains.kotlin.backend.jvm.codegen.IrSourceCompilerForInline.compileInlineFunction(IrSourceCompilerForInline.kt:91)
	at org.jetbrains.kotlin.codegen.inline.InlineCodegen.compileInline(InlineCodegen.kt:43)
	at org.jetbrains.kotlin.codegen.inline.InlineCodegen.performInline(InlineCodegen.kt:51)
	... 68 more


